# JRE version: OpenJDK Runtime Environment (8.0_212) (build 1.8.0_212-release-1586-b4-5784211)
# Java VM: OpenJDK 64-Bit Server VM (25.212-b4-5784211 mixed mode linux-amd64 compressed oops)
Heap:
 PSYoungGen      total 371712K, used 211873K [0x00000000e0000000, 0x0000000100000000, 0x0000000100000000)
  eden space 296960K, 46% used [0x00000000e0000000,0x00000000e85f02d0,0x00000000f2200000)
  from space 74752K, 99% used [0x00000000f2200000,0x00000000f6af81d8,0x00000000f6b00000)
  to   space 118272K, 0% used [0x00000000f8c80000,0x00000000f8c80000,0x0000000100000000)
 ParOldGen       total 288768K, used 149360K [0x00000000a0000000, 0x00000000b1a00000, 0x00000000e0000000)
  object space 288768K, 51% used [0x00000000a0000000,0x00000000a91dc050,0x00000000b1a00000)
 Metaspace       used 114372K, capacity 122644K, committed 122904K, reserved 1157120K
  class space    used 14274K, capacity 15832K, committed 15912K, reserved 1048576K
GC Heap History (10 events):
Event: 14665.698 GC heap before
{Heap before GC invocations=48 (full 5):
 PSYoungGen      total 402944K, used 304027K [0x00000000e0000000, 0x0000000100000000, 0x0000000100000000)
  eden space 287744K, 100% used [0x00000000e0000000,0x00000000f1900000,0x00000000f1900000)
  from space 115200K, 14% used [0x00000000f8780000,0x00000000f9766f68,0x00000000ff800000)
  to   space 113152K, 0% used [0x00000000f1900000,0x00000000f1900000,0x00000000f8780000)
 ParOldGen       total 288768K, used 145997K [0x00000000a0000000, 0x00000000b1a00000, 0x00000000e0000000)
  object space 288768K, 50% used [0x00000000a0000000,0x00000000a8e93438,0x00000000b1a00000)
 Metaspace       used 113631K, capacity 121788K, committed 122008K, reserved 1155072K
  class space    used 14223K, capacity 15744K, committed 15784K, reserved 1048576K
Event: 14665.742 GC heap after
Heap after GC invocations=48 (full 5):
 PSYoungGen      total 400896K, used 15742K [0x00000000e0000000, 0x00000000ff900000, 0x0000000100000000)
  eden space 287744K, 0% used [0x00000000e0000000,0x00000000e0000000,0x00000000f1900000)
  from space 113152K, 13% used [0x00000000f1900000,0x00000000f285fa10,0x00000000f8780000)
  to   space 110592K, 0% used [0x00000000f8d00000,0x00000000f8d00000,0x00000000ff900000)
 ParOldGen       total 288768K, used 146005K [0x00000000a0000000, 0x00000000b1a00000, 0x00000000e0000000)
  object space 288768K, 50% used [0x00000000a0000000,0x00000000a8e95438,0x00000000b1a00000)
 Metaspace       used 113631K, capacity 121788K, committed 122008K, reserved 1155072K
  class space    used 14223K, capacity 15744K, committed 15784K, reserved 1048576K
}
Event: 14668.625 GC heap before
{Heap before GC invocations=49 (full 5):
 PSYoungGen      total 400896K, used 303486K [0x00000000e0000000, 0x00000000ff900000, 0x0000000100000000)
  eden space 287744K, 100% used [0x00000000e0000000,0x00000000f1900000,0x00000000f1900000)
  from space 113152K, 13% used [0x00000000f1900000,0x00000000f285fa10,0x00000000f8780000)
  to   space 110592K, 0% used [0x00000000f8d00000,0x00000000f8d00000,0x00000000ff900000)
 ParOldGen       total 288768K, used 146022K [0x00000000a0000000, 0x00000000b1a00000, 0x00000000e0000000)
  object space 288768K, 50% used [0x00000000a0000000,0x00000000a8e99a08,0x00000000b1a00000)
 Metaspace       used 113990K, capacity 122220K, committed 122392K, reserved 1155072K
  class space    used 14248K, capacity 15784K, committed 15912K, reserved 1048576K
Event: 14668.671 GC heap after
Heap after GC invocations=49 (full 5):
 PSYoungGen      total 402432K, used 34758K [0x00000000e0000000, 0x00000000ff080000, 0x0000000100000000)
  eden space 300544K, 0% used [0x00000000e0000000,0x00000000e0000000,0x00000000f2580000)
  from space 101888K, 34% used [0x00000000f8d00000,0x00000000faef1970,0x00000000ff080000)
  to   space 103936K, 0% used [0x00000000f2580000,0x00000000f2580000,0x00000000f8b00000)
 ParOldGen       total 288768K, used 146030K [0x00000000a0000000, 0x00000000b1a00000, 0x00000000e0000000)
  object space 288768K, 50% used [0x00000000a0000000,0x00000000a8e9ba08,0x00000000b1a00000)
 Metaspace       used 113990K, capacity 122220K, committed 122392K, reserved 1155072K
  class space    used 14248K, capacity 15784K, committed 15912K, reserved 1048576K
}
Event: 14670.647 GC heap before
{Heap before GC invocations=50 (full 5):
 PSYoungGen      total 402432K, used 335302K [0x00000000e0000000, 0x00000000ff080000, 0x0000000100000000)
  eden space 300544K, 100% used [0x00000000e0000000,0x00000000f2580000,0x00000000f2580000)
  from space 101888K, 34% used [0x00000000f8d00000,0x00000000faef1970,0x00000000ff080000)
  to   space 103936K, 0% used [0x00000000f2580000,0x00000000f2580000,0x00000000f8b00000)
 ParOldGen       total 288768K, used 146031K [0x00000000a0000000, 0x00000000b1a00000, 0x00000000e0000000)
  object space 288768K, 50% used [0x00000000a0000000,0x00000000a8e9bff0,0x00000000b1a00000)
 Metaspace       used 114026K, capacity 122226K, committed 122392K, reserved 1155072K
  class space    used 14249K, capacity 15785K, committed 15912K, reserved 1048576K
Event: 14670.793 GC heap after
Heap after GC invocations=50 (full 5):
 PSYoungGen      total 404480K, used 84387K [0x00000000e0000000, 0x0000000100000000, 0x0000000100000000)
  eden space 300544K, 0% used [0x00000000e0000000,0x00000000e0000000,0x00000000f2580000)
  from space 103936K, 81% used [0x00000000f2580000,0x00000000f77e8c98,0x00000000f8b00000)
  to   space 114688K, 0% used [0x00000000f9000000,0x00000000f9000000,0x0000000100000000)
 ParOldGen       total 288768K, used 149080K [0x00000000a0000000, 0x00000000b1a00000, 0x00000000e0000000)
  object space 288768K, 51% used [0x00000000a0000000,0x00000000a9196040,0x00000000b1a00000)
 Metaspace       used 114026K, capacity 122226K, committed 122392K, reserved 1155072K
  class space    used 14249K, capacity 15785K, committed 15912K, reserved 1048576K
}
Event: 14673.217 GC heap before
{Heap before GC invocations=51 (full 5):
 PSYoungGen      total 404480K, used 380298K [0x00000000e0000000, 0x0000000100000000, 0x0000000100000000)
  eden space 300544K, 98% used [0x00000000e0000000,0x00000000f20f9de8,0x00000000f2580000)
  from space 103936K, 81% used [0x00000000f2580000,0x00000000f77e8c98,0x00000000f8b00000)
  to   space 114688K, 0% used [0x00000000f9000000,0x00000000f9000000,0x0000000100000000)
 ParOldGen       total 288768K, used 149080K [0x00000000a0000000, 0x00000000b1a00000, 0x00000000e0000000)
  object space 288768K, 51% used [0x00000000a0000000,0x00000000a9196040,0x00000000b1a00000)
 Metaspace       used 114034K, capacity 122232K, committed 122392K, reserved 1155072K
  class space    used 14249K, capacity 15786K, committed 15912K, reserved 1048576K
Event: 14673.245 GC heap after
Heap after GC invocations=51 (full 5):
 PSYoungGen      total 411648K, used 12890K [0x00000000e0000000, 0x0000000100000000, 0x0000000100000000)
  eden space 296960K, 0% used [0x00000000e0000000,0x00000000e0000000,0x00000000f2200000)
  from space 114688K, 11% used [0x00000000f9000000,0x00000000f9c968c8,0x0000000100000000)
  to   space 112640K, 0% used [0x00000000f2200000,0x00000000f2200000,0x00000000f9000000)
 ParOldGen       total 288768K, used 149288K [0x00000000a0000000, 0x00000000b1a00000, 0x00000000e0000000)
  object space 288768K, 51% used [0x00000000a0000000,0x00000000a91ca050,0x00000000b1a00000)
 Metaspace       used 114034K, capacity 122232K, committed 122392K, reserved 1155072K
  class space    used 14249K, capacity 15786K, committed 15912K, reserved 1048576K
}
Event: 14712.021 GC heap before
{Heap before GC invocations=52 (full 5):
 PSYoungGen      total 411648K, used 309850K [0x00000000e0000000, 0x0000000100000000, 0x0000000100000000)
  eden space 296960K, 100% used [0x00000000e0000000,0x00000000f2200000,0x00000000f2200000)
  from space 114688K, 11% used [0x00000000f9000000,0x00000000f9c968c8,0x0000000100000000)
  to   space 112640K, 0% used [0x00000000f2200000,0x00000000f2200000,0x00000000f9000000)
 ParOldGen       total 288768K, used 149288K [0x00000000a0000000, 0x00000000b1a00000, 0x00000000e0000000)
  object space 288768K, 51% used [0x00000000a0000000,0x00000000a91ca050,0x00000000b1a00000)
 Metaspace       used 114371K, capacity 122644K, committed 122904K, reserved 1157120K
  class space    used 14274K, capacity 15832K, committed 15912K, reserved 1048576K
Event: 14712.162 GC heap after
Heap after GC invocations=52 (full 5):
 PSYoungGen      total 371712K, used 74720K [0x00000000e0000000, 0x0000000100000000, 0x0000000100000000)
  eden space 296960K, 0% used [0x00000000e0000000,0x00000000e0000000,0x00000000f2200000)
  from space 74752K, 99% used [0x00000000f2200000,0x00000000f6af81d8,0x00000000f6b00000)
  to   space 118272K, 0% used [0x00000000f8c80000,0x00000000f8c80000,0x0000000100000000)
 ParOldGen       total 288768K, used 149360K [0x00000000a0000000, 0x00000000b1a00000, 0x00000000e0000000)
  object space 288768K, 51% used [0x00000000a0000000,0x00000000a91dc050,0x00000000b1a00000)
 Metaspace       used 114371K, capacity 122644K, committed 122904K, reserved 1157120K
  class space    used 14274K, capacity 15832K, committed 15912K, reserved 1048576K
}

