# JRE version: OpenJDK Runtime Environment (8.0_202) (build 1.8.0_202-release-1483-b49-5587405)
# Java VM: OpenJDK 64-Bit Server VM (25.202-b49-5587405 mixed mode linux-amd64 compressed oops)
Heap:
 PSYoungGen      total 444416K, used 256773K [0x00000000e0000000, 0x0000000100000000, 0x0000000100000000)
  eden space 393216K, 52% used [0x00000000e0000000,0x00000000ec8c3fa0,0x00000000f8000000)
  from space 51200K, 99% used [0x00000000fbd80000,0x00000000fef7d728,0x00000000fef80000)
  to   space 62976K, 0% used [0x00000000f8000000,0x00000000f8000000,0x00000000fbd80000)
 ParOldGen       total 161792K, used 142354K [0x00000000a0000000, 0x00000000a9e00000, 0x00000000e0000000)
  object space 161792K, 87% used [0x00000000a0000000,0x00000000a8b04850,0x00000000a9e00000)
 Metaspace       used 109048K, capacity 119370K, committed 119640K, reserved 1153024K
  class space    used 13763K, capacity 15387K, committed 15488K, reserved 1048576K
GC Heap History (10 events):
Event: 9049.627 GC heap before
{Heap before GC invocations=120 (full 4):
 PSYoungGen      total 435200K, used 392034K [0x00000000e0000000, 0x00000000fe500000, 0x0000000100000000)
  eden space 373248K, 100% used [0x00000000e0000000,0x00000000f6c80000,0x00000000f6c80000)
  from space 61952K, 30% used [0x00000000f6c80000,0x00000000f7ed8940,0x00000000fa900000)
  to   space 57856K, 0% used [0x00000000fac80000,0x00000000fac80000,0x00000000fe500000)
 ParOldGen       total 161792K, used 132729K [0x00000000a0000000, 0x00000000a9e00000, 0x00000000e0000000)
  object space 161792K, 82% used [0x00000000a0000000,0x00000000a819e5e0,0x00000000a9e00000)
 Metaspace       used 108066K, capacity 118140K, committed 118488K, reserved 1153024K
  class space    used 13662K, capacity 15241K, committed 15360K, reserved 1048576K
Event: 9049.657 GC heap after
Heap after GC invocations=120 (full 4):
 PSYoungGen      total 437760K, used 32518K [0x00000000e0000000, 0x00000000ff300000, 0x0000000100000000)
  eden space 379904K, 0% used [0x00000000e0000000,0x00000000e0000000,0x00000000f7300000)
  from space 57856K, 56% used [0x00000000fac80000,0x00000000fcc41918,0x00000000fe500000)
  to   space 58880K, 0% used [0x00000000f7300000,0x00000000f7300000,0x00000000fac80000)
 ParOldGen       total 161792K, used 132737K [0x00000000a0000000, 0x00000000a9e00000, 0x00000000e0000000)
  object space 161792K, 82% used [0x00000000a0000000,0x00000000a81a05e0,0x00000000a9e00000)
 Metaspace       used 108066K, capacity 118140K, committed 118488K, reserved 1153024K
  class space    used 13662K, capacity 15241K, committed 15360K, reserved 1048576K
}
Event: 9542.161 GC heap before
{Heap before GC invocations=121 (full 4):
 PSYoungGen      total 437760K, used 412422K [0x00000000e0000000, 0x00000000ff300000, 0x0000000100000000)
  eden space 379904K, 100% used [0x00000000e0000000,0x00000000f7300000,0x00000000f7300000)
  from space 57856K, 56% used [0x00000000fac80000,0x00000000fcc41918,0x00000000fe500000)
  to   space 58880K, 0% used [0x00000000f7300000,0x00000000f7300000,0x00000000fac80000)
 ParOldGen       total 161792K, used 132737K [0x00000000a0000000, 0x00000000a9e00000, 0x00000000e0000000)
  object space 161792K, 82% used [0x00000000a0000000,0x00000000a81a05e0,0x00000000a9e00000)
 Metaspace       used 108109K, capacity 118140K, committed 118488K, reserved 1153024K
  class space    used 13662K, capacity 15241K, committed 15360K, reserved 1048576K
Event: 9542.183 GC heap after
Heap after GC invocations=121 (full 4):
 PSYoungGen      total 438784K, used 19415K [0x00000000e0000000, 0x00000000fef00000, 0x0000000100000000)
  eden space 379904K, 0% used [0x00000000e0000000,0x00000000e0000000,0x00000000f7300000)
  from space 58880K, 32% used [0x00000000f7300000,0x00000000f85f5fc0,0x00000000fac80000)
  to   space 55296K, 0% used [0x00000000fb900000,0x00000000fb900000,0x00000000fef00000)
 ParOldGen       total 161792K, used 132745K [0x00000000a0000000, 0x00000000a9e00000, 0x00000000e0000000)
  object space 161792K, 82% used [0x00000000a0000000,0x00000000a81a25e0,0x00000000a9e00000)
 Metaspace       used 108109K, capacity 118140K, committed 118488K, reserved 1153024K
  class space    used 13662K, capacity 15241K, committed 15360K, reserved 1048576K
}
Event: 9577.999 GC heap before
{Heap before GC invocations=122 (full 4):
 PSYoungGen      total 438784K, used 399319K [0x00000000e0000000, 0x00000000fef00000, 0x0000000100000000)
  eden space 379904K, 100% used [0x00000000e0000000,0x00000000f7300000,0x00000000f7300000)
  from space 58880K, 32% used [0x00000000f7300000,0x00000000f85f5fc0,0x00000000fac80000)
  to   space 55296K, 0% used [0x00000000fb900000,0x00000000fb900000,0x00000000fef00000)
 ParOldGen       total 161792K, used 132745K [0x00000000a0000000, 0x00000000a9e00000, 0x00000000e0000000)
  object space 161792K, 82% used [0x00000000a0000000,0x00000000a81a25e0,0x00000000a9e00000)
 Metaspace       used 108215K, capacity 118220K, committed 118488K, reserved 1153024K
  class space    used 13664K, capacity 15243K, committed 15360K, reserved 1048576K
Event: 9578.021 GC heap after
Heap after GC invocations=122 (full 4):
 PSYoungGen      total 442368K, used 16529K [0x00000000e0000000, 0x00000000fe880000, 0x0000000100000000)
  eden space 393728K, 0% used [0x00000000e0000000,0x00000000e0000000,0x00000000f8080000)
  from space 48640K, 33% used [0x00000000fb900000,0x00000000fc9244d8,0x00000000fe880000)
  to   space 53248K, 0% used [0x00000000f8080000,0x00000000f8080000,0x00000000fb480000)
 ParOldGen       total 161792K, used 132753K [0x00000000a0000000, 0x00000000a9e00000, 0x00000000e0000000)
  object space 161792K, 82% used [0x00000000a0000000,0x00000000a81a45e0,0x00000000a9e00000)
 Metaspace       used 108215K, capacity 118220K, committed 118488K, reserved 1153024K
  class space    used 13664K, capacity 15243K, committed 15360K, reserved 1048576K
}
Event: 9874.002 GC heap before
{Heap before GC invocations=123 (full 4):
 PSYoungGen      total 442368K, used 410257K [0x00000000e0000000, 0x00000000fe880000, 0x0000000100000000)
  eden space 393728K, 100% used [0x00000000e0000000,0x00000000f8080000,0x00000000f8080000)
  from space 48640K, 33% used [0x00000000fb900000,0x00000000fc9244d8,0x00000000fe880000)
  to   space 53248K, 0% used [0x00000000f8080000,0x00000000f8080000,0x00000000fb480000)
 ParOldGen       total 161792K, used 132753K [0x00000000a0000000, 0x00000000a9e00000, 0x00000000e0000000)
  object space 161792K, 82% used [0x00000000a0000000,0x00000000a81a45e0,0x00000000a9e00000)
 Metaspace       used 108877K, capacity 119106K, committed 119384K, reserved 1153024K
  class space    used 13758K, capacity 15377K, committed 15488K, reserved 1048576K
Event: 9874.045 GC heap after
Heap after GC invocations=123 (full 4):
 PSYoungGen      total 446976K, used 14580K [0x00000000e0000000, 0x00000000fef80000, 0x0000000100000000)
  eden space 393728K, 0% used [0x00000000e0000000,0x00000000e0000000,0x00000000f8080000)
  from space 53248K, 27% used [0x00000000f8080000,0x00000000f8ebd348,0x00000000fb480000)
  to   space 51200K, 0% used [0x00000000fbd80000,0x00000000fbd80000,0x00000000fef80000)
 ParOldGen       total 161792K, used 132761K [0x00000000a0000000, 0x00000000a9e00000, 0x00000000e0000000)
  object space 161792K, 82% used [0x00000000a0000000,0x00000000a81a65e0,0x00000000a9e00000)
 Metaspace       used 108877K, capacity 119106K, committed 119384K, reserved 1153024K
  class space    used 13758K, capacity 15377K, committed 15488K, reserved 1048576K
}
Event: 10142.284 GC heap before
{Heap before GC invocations=124 (full 4):
 PSYoungGen      total 446976K, used 408308K [0x00000000e0000000, 0x00000000fef80000, 0x0000000100000000)
  eden space 393728K, 100% used [0x00000000e0000000,0x00000000f8080000,0x00000000f8080000)
  from space 53248K, 27% used [0x00000000f8080000,0x00000000f8ebd348,0x00000000fb480000)
  to   space 51200K, 0% used [0x00000000fbd80000,0x00000000fbd80000,0x00000000fef80000)
 ParOldGen       total 161792K, used 132761K [0x00000000a0000000, 0x00000000a9e00000, 0x00000000e0000000)
  object space 161792K, 82% used [0x00000000a0000000,0x00000000a81a65e0,0x00000000a9e00000)
 Metaspace       used 108983K, capacity 119200K, committed 119384K, reserved 1153024K
  class space    used 13761K, capacity 15382K, committed 15488K, reserved 1048576K
Event: 10142.362 GC heap after
Heap after GC invocations=124 (full 4):
 PSYoungGen      total 444416K, used 51189K [0x00000000e0000000, 0x0000000100000000, 0x0000000100000000)
  eden space 393216K, 0% used [0x00000000e0000000,0x00000000e0000000,0x00000000f8000000)
  from space 51200K, 99% used [0x00000000fbd80000,0x00000000fef7d728,0x00000000fef80000)
  to   space 62976K, 0% used [0x00000000f8000000,0x00000000f8000000,0x00000000fbd80000)
 ParOldGen       total 161792K, used 142354K [0x00000000a0000000, 0x00000000a9e00000, 0x00000000e0000000)
  object space 161792K, 87% used [0x00000000a0000000,0x00000000a8b04850,0x00000000a9e00000)
 Metaspace       used 108983K, capacity 119200K, committed 119384K, reserved 1153024K
  class space    used 13761K, capacity 15382K, committed 15488K, reserved 1048576K
}

